0 verbose cli [ '/usr/bin/node', '/usr/bin/npm', 'run', 'publish' ]
1 info using npm@8.1.4
2 info using node@v17.1.0
3 timing npm:load:whichnode Completed in 8ms
4 timing config:load:defaults Completed in 2ms
5 timing config:load:file:/usr/lib/node_modules/npm/npmrc Completed in 22ms
6 timing config:load:builtin Completed in 22ms
7 timing config:load:cli Completed in 3ms
8 timing config:load:env Completed in 9ms
9 timing config:load:project Completed in 4ms
10 timing config:load:file:/root/.npmrc Completed in 8ms
11 timing config:load:user Completed in 8ms
12 timing config:load:file:/usr/etc/npmrc Completed in 0ms
13 timing config:load:global Completed in 1ms
14 timing config:load:validate Completed in 0ms
15 timing config:load:credentials Completed in 2ms
16 timing config:load:setEnvs Completed in 10ms
17 timing config:load Completed in 61ms
18 timing npm:load:configload Completed in 62ms
19 timing npm:load:setTitle Completed in 0ms
20 timing npm:load:setupLog Completed in 1ms
21 timing config:load:flatten Completed in 13ms
22 timing npm:load:cleanupLog Completed in 20ms
23 timing npm:load:configScope Completed in 0ms
24 timing npm:load:projectScope Completed in 1ms
25 timing npm:load Completed in 107ms
26 timing command:run Completed in 11ms
27 verbose stack Error: ENOENT: no such file or directory, open '/root/package.json'
28 verbose cwd /root
29 verbose Linux 5.4.0-90-generic
30 verbose argv "/usr/bin/node" "/usr/bin/npm" "run" "publish"
31 verbose node v17.1.0
32 verbose npm  v8.1.4
33 error code ENOENT
34 error syscall open
35 error path /root/package.json
36 error errno -2
37 error enoent ENOENT: no such file or directory, open '/root/package.json'
38 error enoent This is related to npm not being able to find a file.
39 verbose exit -2
