0 verbose cli [ '/usr/bin/node', '/usr/bin/npm', 'audit', 'fix' ]
1 info using npm@8.1.4
2 info using node@v17.1.0
3 timing npm:load:whichnode Completed in 1ms
4 timing config:load:defaults Completed in 3ms
5 timing config:load:file:/usr/lib/node_modules/npm/npmrc Completed in 3ms
6 timing config:load:builtin Completed in 3ms
7 timing config:load:cli Completed in 4ms
8 timing config:load:env Completed in 1ms
9 timing config:load:project Completed in 2ms
10 timing config:load:file:/root/.npmrc Completed in 0ms
11 timing config:load:user Completed in 0ms
12 timing config:load:file:/usr/etc/npmrc Completed in 0ms
13 timing config:load:global Completed in 1ms
14 timing config:load:validate Completed in 1ms
15 timing config:load:credentials Completed in 2ms
16 timing config:load:setEnvs Completed in 2ms
17 timing config:load Completed in 19ms
18 timing npm:load:configload Completed in 19ms
19 timing npm:load:setTitle Completed in 0ms
20 timing npm:load:setupLog Completed in 1ms
21 timing config:load:flatten Completed in 6ms
22 timing npm:load:cleanupLog Completed in 5ms
23 timing npm:load:configScope Completed in 0ms
24 timing npm:load:projectScope Completed in 1ms
25 timing npm:load Completed in 35ms
26 timing arborist:ctor Completed in 2ms
27 timing command:audit Completed in 11ms
28 verbose stack Error: loadVirtual requires existing shrinkwrap file
28 verbose stack     at Arborist.loadVirtual (/usr/lib/node_modules/npm/node_modules/@npmcli/arborist/lib/arborist/load-virtual.js:62:18)
28 verbose stack     at async Arborist.audit (/usr/lib/node_modules/npm/node_modules/@npmcli/arborist/lib/arborist/audit.js:25:18)
28 verbose stack     at async Audit.exec (/usr/lib/node_modules/npm/lib/commands/audit.js:49:5)
28 verbose stack     at async module.exports (/usr/lib/node_modules/npm/lib/cli.js:65:5)
29 verbose cwd /root
30 verbose Linux 5.4.0-90-generic
31 verbose argv "/usr/bin/node" "/usr/bin/npm" "audit" "fix"
32 verbose node v17.1.0
33 verbose npm  v8.1.4
34 error code ENOLOCK
35 error audit This command requires an existing lockfile.
36 error audit Try creating one first with: npm i --package-lock-only
37 error audit Original error: loadVirtual requires existing shrinkwrap file
38 verbose exit 1
